Flutter crash report.
Please report a bug at https://github.com/flutter/flutter/issues.

## command

flutter run

## exception

SocketException: SocketException: Send failed (OS Error: No route to host, errno = 65), address = 0.0.0.0, port = 5353

```
#0      _NativeSocket.send (dart:io-patch/socket_patch.dart:1275:34)
#1      _RawDatagramSocket.send (dart:io-patch/socket_patch.dart:2590:15)
#2      MDnsClient.lookup (package:multicast_dns/multicast_dns.dart:219:22)
#3      MDnsVmServiceDiscovery._pollingVmService (package:flutter_tools/src/mdns_discovery.dart:236:36)
<asynchronous suspension>
#4      MDnsVmServiceDiscovery.firstMatchingVmService (package:flutter_tools/src/mdns_discovery.dart:189:56)
<asynchronous suspension>
#5      MDnsVmServiceDiscovery.getVMServiceUriForLaunch (package:flutter_tools/src/mdns_discovery.dart:452:50)
<asynchronous suspension>
#6      Future.wait.<anonymous closure> (dart:async/future.dart:520:21)
<asynchronous suspension>
#7      Future.any.onValue (dart:async/future.dart:614:5)
<asynchronous suspension>
```

## flutter doctor

```
[32m[✓][39m Flutter (Channel stable, 3.27.1, on macOS 15.1.1 24B91 darwin-x64, locale en-US)
    [32m•[39m Flutter version 3.27.1 on channel stable at /Users/gayathrisuresh/development/flutter
    [32m•[39m Upstream repository https://github.com/flutter/flutter.git
    [32m•[39m Framework revision 17025dd882 (9 weeks ago), 2024-12-17 03:23:09 +0900
    [32m•[39m Engine revision cb4b5fff73
    [32m•[39m Dart version 3.6.0
    [32m•[39m DevTools version 2.40.2

[32m[✓][39m Android toolchain - develop for Android devices (Android SDK version 35.0.1)
    [32m•[39m Android SDK at /Users/gayathrisuresh/Library/Android/sdk
    [32m•[39m Platform android-35, build-tools 35.0.1
    [32m•[39m Java binary at: /Applications/Android Studio.app/Contents/jbr/Contents/Home/bin/java
    [32m•[39m Java version OpenJDK Runtime Environment (build 21.0.4+-12422083-b607.1)
    [32m•[39m All Android licenses accepted.

[32m[✓][39m Xcode - develop for iOS and macOS (Xcode 16.2)
    [32m•[39m Xcode at /Applications/Xcode.app/Contents/Developer
    [32m•[39m Build 16C5032a
    [32m•[39m CocoaPods version 1.16.2

[32m[✓][39m Chrome - develop for the web
    [32m•[39m Chrome at /Applications/Google Chrome.app/Contents/MacOS/Google Chrome

[32m[✓][39m Android Studio (version 2024.2)
    [32m•[39m Android Studio at /Applications/Android Studio.app/Contents
    [32m•[39m Flutter plugin can be installed from:
      🔨 https://plugins.jetbrains.com/plugin/9212-flutter
    [32m•[39m Dart plugin can be installed from:
      🔨 https://plugins.jetbrains.com/plugin/6351-dart
    [32m•[39m Java version OpenJDK Runtime Environment (build 21.0.4+-12422083-b607.1)

[32m[✓][39m VS Code (version 1.97.0)
    [32m•[39m VS Code at /Applications/Visual Studio Code.app/Contents
    [32m•[39m Flutter extension version 3.104.0

[32m[✓][39m Connected device (3 available)
    [32m•[39m Gayathri’s iPhone (mobile) • 00008120-001C789C0E10201E • ios            • iOS 18.1.1 22B91
    [32m•[39m macOS (desktop)            • macos                     • darwin-x64     • macOS 15.1.1 24B91
      darwin-x64
    [32m•[39m Chrome (web)               • chrome                    • web-javascript • Google Chrome 133.0.6943.98
    [33m![39m Error: Browsing on the local area network for Gayathri’s iPad. Ensure the device is unlocked and
      attached with a cable or associated with the same local area network as this Mac.
      The device must be opted into Developer Mode to connect wirelessly. (code -27)

[32m[✓][39m Network resources
    [32m•[39m All expected network resources are available.

[32m•[39m No issues found!
```
